# JRE version: OpenJDK Runtime Environment (21.0.9) (build 21.0.9+-14649483-b1163.86)
# Java VM: OpenJDK 64-Bit Server VM (21.0.9+-14649483-b1163.86, mixed mode, tiered, compressed oops, compressed class ptrs, g1 gc, windows-amd64)
GC Precious Log:
 CardTable entry size: 512
 Card Set container configuration: InlinePtr #cards 5 size 8 Array Of Cards #cards 12 size 40 Howl #buckets 4 coarsen threshold 1843 Howl Bitmap #cards 512 size 80 coarsen threshold 460 Card regions per heap region 1 cards per card region 2048
 CPUs: 2 total, 2 available
 Memory: 3526M
 Large Page Support: Disabled
 NUMA Support: Disabled
 Compressed Oops: Enabled (32-bit)
 Heap Region Size: 1M
 Heap Min Capacity: 8M
 Heap Initial Capacity: 56M
 Heap Max Capacity: 2G
 Pre-touch: Disabled
 Parallel Workers: 2
 Concurrent Workers: 1
 Concurrent Refinement Workers: 2
 Periodic GC: Disabled
Heap:
 garbage-first heap   total 423936K, used 250137K [0x0000000080000000, 0x0000000100000000)
  region size 1024K, 13 young (13312K), 2 survivors (2048K)
 Metaspace       used 172565K, committed 174848K, reserved 1245184K
  class space    used 22317K, committed 23424K, reserved 1048576K
GC Heap History (20 events):
Event: 134.731 GC heap before
{Heap before GC invocations=66 (full 0):
 garbage-first heap   total 291840K, used 214074K [0x0000000080000000, 0x0000000100000000)
  region size 1024K, 47 young (48128K), 3 survivors (3072K)
 Metaspace       used 157919K, committed 160192K, reserved 1245184K
  class space    used 20682K, committed 21760K, reserved 1048576K
}
Event: 134.758 GC heap after
{Heap after GC invocations=67 (full 0):
 garbage-first heap   total 291840K, used 171768K [0x0000000080000000, 0x0000000100000000)
  region size 1024K, 6 young (6144K), 6 survivors (6144K)
 Metaspace       used 157919K, committed 160192K, reserved 1245184K
  class space    used 20682K, committed 21760K, reserved 1048576K
}
Event: 137.954 GC heap before
{Heap before GC invocations=67 (full 0):
 garbage-first heap   total 291840K, used 218872K [0x0000000080000000, 0x0000000100000000)
  region size 1024K, 51 young (52224K), 6 survivors (6144K)
 Metaspace       used 160746K, committed 162944K, reserved 1245184K
  class space    used 21062K, committed 22144K, reserved 1048576K
}
Event: 138.002 GC heap after
{Heap after GC invocations=68 (full 0):
 garbage-first heap   total 291840K, used 174010K [0x0000000080000000, 0x0000000100000000)
  region size 1024K, 5 young (5120K), 5 survivors (5120K)
 Metaspace       used 160746K, committed 162944K, reserved 1245184K
  class space    used 21062K, committed 22144K, reserved 1048576K
}
Event: 144.341 GC heap before
{Heap before GC invocations=68 (full 0):
 garbage-first heap   total 291840K, used 246714K [0x0000000080000000, 0x0000000100000000)
  region size 1024K, 68 young (69632K), 5 survivors (5120K)
 Metaspace       used 164400K, committed 166656K, reserved 1245184K
  class space    used 21499K, committed 22592K, reserved 1048576K
}
Event: 144.398 GC heap after
{Heap after GC invocations=69 (full 0):
 garbage-first heap   total 291840K, used 175003K [0x0000000080000000, 0x0000000100000000)
  region size 1024K, 7 young (7168K), 7 survivors (7168K)
 Metaspace       used 164400K, committed 166656K, reserved 1245184K
  class space    used 21499K, committed 22592K, reserved 1048576K
}
Event: 148.253 GC heap before
{Heap before GC invocations=69 (full 0):
 garbage-first heap   total 291840K, used 241563K [0x0000000080000000, 0x0000000100000000)
  region size 1024K, 73 young (74752K), 7 survivors (7168K)
 Metaspace       used 164590K, committed 166848K, reserved 1245184K
  class space    used 21509K, committed 22592K, reserved 1048576K
}
Event: 148.370 GC heap after
{Heap after GC invocations=70 (full 0):
 garbage-first heap   total 291840K, used 187904K [0x0000000080000000, 0x0000000100000000)
  region size 1024K, 10 young (10240K), 10 survivors (10240K)
 Metaspace       used 164590K, committed 166848K, reserved 1245184K
  class space    used 21509K, committed 22592K, reserved 1048576K
}
Event: 149.249 GC heap before
{Heap before GC invocations=70 (full 0):
 garbage-first heap   total 291840K, used 230912K [0x0000000080000000, 0x0000000100000000)
  region size 1024K, 51 young (52224K), 10 survivors (10240K)
 Metaspace       used 164615K, committed 166848K, reserved 1245184K
  class space    used 21509K, committed 22592K, reserved 1048576K
}
Event: 149.401 GC heap after
{Heap after GC invocations=71 (full 0):
 garbage-first heap   total 291840K, used 205312K [0x0000000080000000, 0x0000000100000000)
  region size 1024K, 7 young (7168K), 7 survivors (7168K)
 Metaspace       used 164615K, committed 166848K, reserved 1245184K
  class space    used 21509K, committed 22592K, reserved 1048576K
}
Event: 153.113 GC heap before
{Heap before GC invocations=71 (full 0):
 garbage-first heap   total 291840K, used 252416K [0x0000000080000000, 0x0000000100000000)
  region size 1024K, 53 young (54272K), 7 survivors (7168K)
 Metaspace       used 164819K, committed 167040K, reserved 1245184K
  class space    used 21517K, committed 22592K, reserved 1048576K
}
Event: 153.192 GC heap after
{Heap after GC invocations=72 (full 0):
 garbage-first heap   total 423936K, used 214016K [0x0000000080000000, 0x0000000100000000)
  region size 1024K, 7 young (7168K), 7 survivors (7168K)
 Metaspace       used 164819K, committed 167040K, reserved 1245184K
  class space    used 21517K, committed 22592K, reserved 1048576K
}
Event: 183.363 GC heap before
{Heap before GC invocations=72 (full 0):
 garbage-first heap   total 423936K, used 340992K [0x0000000080000000, 0x0000000100000000)
  region size 1024K, 130 young (133120K), 7 survivors (7168K)
 Metaspace       used 170774K, committed 172992K, reserved 1245184K
  class space    used 22052K, committed 23104K, reserved 1048576K
}
Event: 187.279 GC heap after
{Heap after GC invocations=73 (full 0):
 garbage-first heap   total 423936K, used 238080K [0x0000000080000000, 0x0000000100000000)
  region size 1024K, 17 young (17408K), 17 survivors (17408K)
 Metaspace       used 170774K, committed 172992K, reserved 1245184K
  class space    used 22052K, committed 23104K, reserved 1048576K
}
Event: 191.130 GC heap before
{Heap before GC invocations=73 (full 0):
 garbage-first heap   total 423936K, used 241152K [0x0000000080000000, 0x0000000100000000)
  region size 1024K, 20 young (20480K), 17 survivors (17408K)
 Metaspace       used 170832K, committed 173120K, reserved 1245184K
  class space    used 22064K, committed 23168K, reserved 1048576K
}
Event: 191.380 GC heap after
{Heap after GC invocations=74 (full 0):
 garbage-first heap   total 423936K, used 239616K [0x0000000080000000, 0x0000000100000000)
  region size 1024K, 1 young (1024K), 1 survivors (1024K)
 Metaspace       used 170832K, committed 173120K, reserved 1245184K
  class space    used 22064K, committed 23168K, reserved 1048576K
}
Event: 252.426 GC heap before
{Heap before GC invocations=74 (full 0):
 garbage-first heap   total 423936K, used 259072K [0x0000000080000000, 0x0000000100000000)
  region size 1024K, 20 young (20480K), 1 survivors (1024K)
 Metaspace       used 171436K, committed 173760K, reserved 1245184K
  class space    used 22166K, committed 23296K, reserved 1048576K
}
Event: 252.733 GC heap after
{Heap after GC invocations=75 (full 0):
 garbage-first heap   total 423936K, used 239333K [0x0000000080000000, 0x0000000100000000)
  region size 1024K, 1 young (1024K), 1 survivors (1024K)
 Metaspace       used 171436K, committed 173760K, reserved 1245184K
  class space    used 22166K, committed 23296K, reserved 1048576K
}
Event: 286.579 GC heap before
{Heap before GC invocations=75 (full 0):
 garbage-first heap   total 423936K, used 258789K [0x0000000080000000, 0x0000000100000000)
  region size 1024K, 20 young (20480K), 1 survivors (1024K)
 Metaspace       used 172148K, committed 174464K, reserved 1245184K
  class space    used 22265K, committed 23360K, reserved 1048576K
}
Event: 286.803 GC heap after
{Heap after GC invocations=76 (full 0):
 garbage-first heap   total 423936K, used 239897K [0x0000000080000000, 0x0000000100000000)
  region size 1024K, 2 young (2048K), 2 survivors (2048K)
 Metaspace       used 172148K, committed 174464K, reserved 1245184K
  class space    used 22265K, committed 23360K, reserved 1048576K
}

