# JRE version: OpenJDK Runtime Environment (21.0.9) (build 21.0.9+-14649483-b1163.86)
# Java VM: OpenJDK 64-Bit Server VM (21.0.9+-14649483-b1163.86, mixed mode, tiered, compressed oops, compressed class ptrs, g1 gc, windows-amd64)
GC Precious Log:
 CardTable entry size: 512
 Card Set container configuration: InlinePtr #cards 5 size 8 Array Of Cards #cards 12 size 40 Howl #buckets 4 coarsen threshold 1843 Howl Bitmap #cards 512 size 80 coarsen threshold 460 Card regions per heap region 1 cards per card region 2048
 CPUs: 2 total, 2 available
 Memory: 3526M
 Large Page Support: Disabled
 NUMA Support: Disabled
 Compressed Oops: Enabled (32-bit)
 Heap Region Size: 1M
 Heap Min Capacity: 8M
 Heap Initial Capacity: 56M
 Heap Max Capacity: 2G
 Pre-touch: Disabled
 Parallel Workers: 2
 Concurrent Workers: 1
 Concurrent Refinement Workers: 2
 Periodic GC: Disabled
Heap:
 garbage-first heap   total 418816K, used 202752K [0x0000000080000000, 0x0000000100000000)
  region size 1024K, 29 young (29696K), 1 survivors (1024K)
 Metaspace       used 151845K, committed 153984K, reserved 1245184K
  class space    used 20042K, committed 21056K, reserved 1048576K
GC Heap History (20 events):
Event: 1627.850 GC heap before
{Heap before GC invocations=75 (full 0):
 garbage-first heap   total 280576K, used 121856K [0x0000000080000000, 0x0000000100000000)
  region size 1024K, 13 young (13312K), 2 survivors (2048K)
 Metaspace       used 118824K, committed 120832K, reserved 1179648K
  class space    used 16092K, committed 17088K, reserved 1048576K
}
Event: 1627.860 GC heap after
{Heap after GC invocations=76 (full 0):
 garbage-first heap   total 280576K, used 112796K [0x0000000080000000, 0x0000000100000000)
  region size 1024K, 2 young (2048K), 2 survivors (2048K)
 Metaspace       used 118824K, committed 120832K, reserved 1179648K
  class space    used 16092K, committed 17088K, reserved 1048576K
}
Event: 1628.092 GC heap before
{Heap before GC invocations=76 (full 0):
 garbage-first heap   total 280576K, used 123036K [0x0000000080000000, 0x0000000100000000)
  region size 1024K, 13 young (13312K), 2 survivors (2048K)
 Metaspace       used 120307K, committed 122368K, reserved 1179648K
  class space    used 16233K, committed 17216K, reserved 1048576K
}
Event: 1628.098 GC heap after
{Heap after GC invocations=77 (full 0):
 garbage-first heap   total 280576K, used 113100K [0x0000000080000000, 0x0000000100000000)
  region size 1024K, 1 young (1024K), 1 survivors (1024K)
 Metaspace       used 120307K, committed 122368K, reserved 1179648K
  class space    used 16233K, committed 17216K, reserved 1048576K
}
Event: 1629.128 GC heap before
{Heap before GC invocations=77 (full 0):
 garbage-first heap   total 280576K, used 136652K [0x0000000080000000, 0x0000000100000000)
  region size 1024K, 26 young (26624K), 1 survivors (1024K)
 Metaspace       used 123635K, committed 125696K, reserved 1179648K
  class space    used 16548K, committed 17536K, reserved 1048576K
}
Event: 1629.135 GC heap after
{Heap after GC invocations=78 (full 0):
 garbage-first heap   total 280576K, used 115162K [0x0000000080000000, 0x0000000100000000)
  region size 1024K, 3 young (3072K), 3 survivors (3072K)
 Metaspace       used 123635K, committed 125696K, reserved 1179648K
  class space    used 16548K, committed 17536K, reserved 1048576K
}
Event: 1634.819 GC heap before
{Heap before GC invocations=79 (full 0):
 garbage-first heap   total 280576K, used 263642K [0x0000000080000000, 0x0000000100000000)
  region size 1024K, 141 young (144384K), 3 survivors (3072K)
 Metaspace       used 136603K, committed 138624K, reserved 1179648K
  class space    used 18113K, committed 19072K, reserved 1048576K
}
Event: 1634.847 GC heap after
{Heap after GC invocations=80 (full 0):
 garbage-first heap   total 286720K, used 141151K [0x0000000080000000, 0x0000000100000000)
  region size 1024K, 18 young (18432K), 18 survivors (18432K)
 Metaspace       used 136603K, committed 138624K, reserved 1179648K
  class space    used 18113K, committed 19072K, reserved 1048576K
}
Event: 1634.882 GC heap before
{Heap before GC invocations=80 (full 0):
 garbage-first heap   total 286720K, used 142175K [0x0000000080000000, 0x0000000100000000)
  region size 1024K, 19 young (19456K), 18 survivors (18432K)
 Metaspace       used 136719K, committed 138816K, reserved 1179648K
  class space    used 18122K, committed 19136K, reserved 1048576K
}
Event: 1634.904 GC heap after
{Heap after GC invocations=81 (full 0):
 garbage-first heap   total 286720K, used 141906K [0x0000000080000000, 0x0000000100000000)
  region size 1024K, 1 young (1024K), 1 survivors (1024K)
 Metaspace       used 136719K, committed 138816K, reserved 1179648K
  class space    used 18122K, committed 19136K, reserved 1048576K
}
Event: 1635.267 GC heap before
{Heap before GC invocations=81 (full 0):
 garbage-first heap   total 286720K, used 158290K [0x0000000080000000, 0x0000000100000000)
  region size 1024K, 18 young (18432K), 1 survivors (1024K)
 Metaspace       used 137881K, committed 139968K, reserved 1179648K
  class space    used 18282K, committed 19264K, reserved 1048576K
}
Event: 1635.273 GC heap after
{Heap after GC invocations=82 (full 0):
 garbage-first heap   total 573440K, used 141908K [0x0000000080000000, 0x0000000100000000)
  region size 1024K, 1 young (1024K), 1 survivors (1024K)
 Metaspace       used 137881K, committed 139968K, reserved 1179648K
  class space    used 18282K, committed 19264K, reserved 1048576K
}
Event: 1637.370 GC heap before
{Heap before GC invocations=82 (full 0):
 garbage-first heap   total 573440K, used 169556K [0x0000000080000000, 0x0000000100000000)
  region size 1024K, 28 young (28672K), 1 survivors (1024K)
 Metaspace       used 140596K, committed 142656K, reserved 1179648K
  class space    used 18593K, committed 19584K, reserved 1048576K
}
Event: 1637.376 GC heap after
{Heap after GC invocations=83 (full 0):
 garbage-first heap   total 573440K, used 142980K [0x0000000080000000, 0x0000000100000000)
  region size 1024K, 2 young (2048K), 2 survivors (2048K)
 Metaspace       used 140596K, committed 142656K, reserved 1179648K
  class space    used 18593K, committed 19584K, reserved 1048576K
}
Event: 1639.497 GC heap before
{Heap before GC invocations=83 (full 0):
 garbage-first heap   total 573440K, used 185988K [0x0000000080000000, 0x0000000100000000)
  region size 1024K, 46 young (47104K), 2 survivors (2048K)
 Metaspace       used 145701K, committed 147776K, reserved 1179648K
  class space    used 19295K, committed 20288K, reserved 1048576K
}
Event: 1639.507 GC heap after
{Heap after GC invocations=84 (full 0):
 garbage-first heap   total 573440K, used 145876K [0x0000000080000000, 0x0000000100000000)
  region size 1024K, 5 young (5120K), 5 survivors (5120K)
 Metaspace       used 145701K, committed 147776K, reserved 1179648K
  class space    used 19295K, committed 20288K, reserved 1048576K
}
Event: 1654.847 GC heap before
{Heap before GC invocations=85 (full 0):
 garbage-first heap   total 399360K, used 359892K [0x0000000080000000, 0x0000000100000000)
  region size 1024K, 234 young (239616K), 5 survivors (5120K)
 Metaspace       used 151802K, committed 153984K, reserved 1245184K
  class space    used 20035K, committed 21056K, reserved 1048576K
}
Event: 1654.959 GC heap after
{Heap after GC invocations=86 (full 0):
 garbage-first heap   total 418816K, used 174592K [0x0000000080000000, 0x0000000100000000)
  region size 1024K, 30 young (30720K), 30 survivors (30720K)
 Metaspace       used 151802K, committed 153984K, reserved 1245184K
  class space    used 20035K, committed 21056K, reserved 1048576K
}
Event: 1655.132 GC heap before
{Heap before GC invocations=86 (full 0):
 garbage-first heap   total 418816K, used 175616K [0x0000000080000000, 0x0000000100000000)
  region size 1024K, 31 young (31744K), 30 survivors (30720K)
 Metaspace       used 151802K, committed 153984K, reserved 1245184K
  class space    used 20035K, committed 21056K, reserved 1048576K
}
Event: 1655.172 GC heap after
{Heap after GC invocations=87 (full 0):
 garbage-first heap   total 418816K, used 174080K [0x0000000080000000, 0x0000000100000000)
  region size 1024K, 1 young (1024K), 1 survivors (1024K)
 Metaspace       used 151802K, committed 153984K, reserved 1245184K
  class space    used 20035K, committed 21056K, reserved 1048576K
}

